{"level":"info","message":"Node server running on port 3000","timestamp":"23:11:24"}
{"level":"info","message":"a acaba de ingresar al sistema.","timestamp":"23:36:56"}
{"level":"info","message":"undefined ha agregado un nuevo torneo: Los buenos. Jugadores por equipo: 11","timestamp":"23:37:30"}
{"level":"info","message":"undefined ha agregado al torneo Los buenos una nueva division: PrimeraA","timestamp":"23:37:48"}
{"level":"info","message":"Node server running on port 3000","timestamp":"23:48:48"}
{"level":"info","message":"a acaba de ingresar al sistema.","timestamp":"23:49:18"}
{"level":"info","message":"Node server running on port 3000","timestamp":"00:02:47"}
{"level":"info","message":"Node server running on port 3000","timestamp":"00:04:57"}
{"level":"info","message":"Node server running on port 3000","timestamp":"00:05:28"}
{"level":"info","message":"Node server running on port 3000","timestamp":"00:05:56"}
{"level":"info","message":"Node server running on port 3000","timestamp":"00:07:37"}
{"level":"info","message":"Node server running on port 3000","timestamp":"00:08:05"}
{"level":"info","message":"Node server running on port 3000","timestamp":"00:08:41"}
{"level":"info","message":"Node server running on port 3000","timestamp":"00:11:58"}
{"level":"info","message":"a acaba de ingresar al sistema.","timestamp":"00:12:08"}
{"level":"info","message":"Node server running on port 3000","timestamp":"00:15:01"}
{"level":"info","message":"Node server running on port 3000","timestamp":"00:18:54"}
{"level":"info","message":"a acaba de ingresar al sistema.","timestamp":"00:19:10"}
{"level":"info","message":"Node server running on port 3000","timestamp":"00:20:05"}
{"level":"info","message":"Node server running on port 3000","timestamp":"00:20:58"}
{"level":"info","message":"a acaba de ingresar al sistema.","timestamp":"00:21:12"}
{"level":"info","message":"Node server running on port 3000","timestamp":"00:28:16"}
{"level":"info","message":"Node server running on port 3000","timestamp":"00:29:12"}
{"level":"info","message":"Node server running on port 3000","timestamp":"00:36:28"}
{"level":"info","message":"Node server running on port 3000","timestamp":"00:36:34"}
{"level":"info","message":"Node server running on port 3000","timestamp":"00:37:00"}
{"level":"info","message":"a acaba de ingresar al sistema.","timestamp":"00:37:12"}
{"level":"info","message":"Node server running on port 3000","timestamp":"00:39:42"}
{"level":"info","message":"Node server running on port 3000","timestamp":"00:40:17"}
{"level":"info","message":"a acaba de ingresar al sistema.","timestamp":"00:40:36"}
{"level":"info","message":"Node server running on port 3000","timestamp":"00:43:25"}
{"level":"info","message":"Node server running on port 3000","timestamp":"00:44:22"}
{"level":"info","message":"Node server running on port 3000","timestamp":"00:44:50"}
{"level":"info","message":"Node server running on port 3000","timestamp":"00:45:35"}
{"level":"info","message":"a acaba de ingresar al sistema.","timestamp":"00:46:19"}
{"level":"info","message":"Node server running on port 3000","timestamp":"00:49:33"}
{"level":"info","message":"a acaba de ingresar al sistema.","timestamp":"00:49:43"}
{"level":"info","message":"Node server running on port 3000","timestamp":"00:50:26"}
{"level":"info","message":"a acaba de ingresar al sistema.","timestamp":"00:50:34"}
{"level":"info","message":"Node server running on port 3000","timestamp":"00:52:51"}
{"level":"info","message":"Node server running on port 3000","timestamp":"00:55:54"}
{"level":"info","message":"a acaba de ingresar al sistema.","timestamp":"00:57:11"}
{"level":"info","message":"Node server running on port 3000","timestamp":"01:11:48"}
{"level":"info","message":"a acaba de ingresar al sistema.","timestamp":"01:13:48"}
{"level":"info","message":"Node server running on port 3000","timestamp":"01:14:53"}
{"level":"info","message":"a acaba de ingresar al sistema.","timestamp":"01:14:59"}
{"level":"info","message":"Node server running on port 3000","timestamp":"01:16:30"}
{"level":"info","message":"a acaba de ingresar al sistema.","timestamp":"01:16:41"}
{"level":"info","message":"Node server running on port 3000","timestamp":"01:18:11"}
{"level":"info","message":"a acaba de ingresar al sistema.","timestamp":"01:18:20"}
{"level":"info","message":"Node server running on port 3000","timestamp":"01:21:22"}
{"level":"info","message":"Node server running on port 3000","timestamp":"01:22:20"}
{"level":"info","message":"Node server running on port 3000","timestamp":"01:24:08"}
{"level":"info","message":"Node server running on port 3000","timestamp":"01:24:29"}
{"level":"info","message":"Node server running on port 3000","timestamp":"01:25:26"}
{"level":"info","message":"Node server running on port 3000","timestamp":"01:26:28"}
{"level":"info","message":"Node server running on port 3000","timestamp":"01:36:39"}
{"level":"info","message":"Node server running on port 3000","timestamp":"01:37:14"}
{"level":"info","message":"Node server running on port 3000","timestamp":"01:39:51"}
{"level":"info","message":"Node server running on port 3000","timestamp":"01:42:14"}
{"level":"info","message":"Node server running on port 3000","timestamp":"01:43:25"}
{"level":"info","message":"a acaba de ingresar al sistema.","timestamp":"01:43:36"}
{"level":"info","message":"Node server running on port 3000","timestamp":"01:46:28"}
{"level":"info","message":"Node server running on port 3000","timestamp":"01:47:54"}
{"level":"info","message":"Node server running on port 3000","timestamp":"01:50:04"}
{"level":"info","message":"Node server running on port 3000","timestamp":"02:08:11"}
{"level":"info","message":"Node server running on port 3000","timestamp":"02:08:19"}
{"level":"info","message":"Node server running on port 3000","timestamp":"02:08:43"}
{"level":"info","message":"Node server running on port 3000","timestamp":"02:12:48"}
{"level":"info","message":"Node server running on port 3000","timestamp":"02:13:50"}
{"level":"info","message":"Node server running on port 3000","timestamp":"02:16:13"}
{"level":"info","message":"a acaba de ingresar al sistema.","timestamp":"02:16:19"}
{"level":"info","message":"Node server running on port 3000","timestamp":"02:19:04"}
{"level":"info","message":"a acaba de ingresar al sistema.","timestamp":"02:19:10"}
{"level":"info","message":"a acaba de ingresar al sistema.","timestamp":"02:20:19"}
{"level":"info","message":"Node server running on port 3000","timestamp":"02:37:32"}
{"level":"info","message":"a acaba de ingresar al sistema.","timestamp":"02:37:44"}
{"level":"info","message":"Node server running on port 3000","timestamp":"02:42:07"}
{"level":"info","message":"a acaba de ingresar al sistema.","timestamp":"02:42:23"}
{"level":"info","message":"undefined ha agregado al torneo Los buenos una nueva division: PrimeraB","timestamp":"02:42:40"}
{"level":"info","message":"undefined ha agregado al torneo Los buenos una nueva division: PrimeraC","timestamp":"02:43:20"}
{"level":"info","message":"Node server running on port 3000","timestamp":"03:05:32"}
{"level":"info","message":"Node server running on port 3000","timestamp":"03:05:48"}
