{"level":"info","message":"Node server running on port 3000","timestamp":"23:01:33"}
{"level":"info","message":"Node server running on port 3000","timestamp":"23:06:24"}
{"level":"info","message":"Node server running on port 3000","timestamp":"23:26:30"}
{"level":"info","message":"Node server running on port 3000","timestamp":"23:27:19"}
{"level":"info","message":"Node server running on port 3000","timestamp":"23:28:36"}
{"level":"info","message":"a acaba de ingresar al sistema.","timestamp":"23:30:00"}
{"level":"info","message":"Node server running on port 3000","timestamp":"23:36:52"}
{"level":"info","message":"a acaba de ingresar al sistema.","timestamp":"23:37:03"}
{"level":"info","message":"Node server running on port 3000","timestamp":"23:38:00"}
{"level":"info","message":"Node server running on port 3000","timestamp":"23:40:08"}
{"level":"info","message":"Node server running on port 3000","timestamp":"23:40:35"}
{"level":"info","message":"Node server running on port 3000","timestamp":"23:41:07"}
{"level":"info","message":"a acaba de ingresar al sistema.","timestamp":"23:41:17"}
{"level":"info","message":"undefined ha actualizado al equipo 5930d0571fbfdb126ce26551. Nombre: Perros","timestamp":"23:41:41"}
{"level":"info","message":"undefined ha actualizado al equipo 5930d0801fbfdb126ce26552. Nombre: Maderas","timestamp":"23:42:14"}
{"level":"info","message":"undefined ha agregado al partido 5930d0a01fbfdb126ce26553: 5930d0571fbfdb126ce26551 VS 5930d0801fbfdb126ce26552, fecha 1, el Tue Jun 20 2017 21:00:00 GMT-0300 (Hora estándar de Argentina)","timestamp":"23:42:40"}
{"level":"info","message":"El equipo Perros ha agregado al partido 5930d0a01fbfdb126ce26553: 5930d0571fbfdb126ce26551 VS 5930d0801fbfdb126ce26552","timestamp":"23:42:40"}
{"level":"info","message":"El equipo Maderas ha agregado al partido 5930d0a01fbfdb126ce26553: 5930d0571fbfdb126ce26551 VS 5930d0801fbfdb126ce26552","timestamp":"23:42:40"}
{"level":"info","message":"La division PrimeraA ha agregado al partido 5930d0a01fbfdb126ce26553: 5930d0571fbfdb126ce26551 VS 5930d0801fbfdb126ce26552","timestamp":"23:42:40"}
{"level":"info","message":"Nuevo usuario PLANILLERO registrado: b","timestamp":"23:42:55"}
{"level":"info","message":"b acaba de ingresar al sistema.","timestamp":"23:43:06"}
{"level":"info","message":"Node server running on port 3000","timestamp":"00:45:01"}
{"level":"info","message":"Node server running on port 3000","timestamp":"00:45:16"}
{"level":"info","message":"Node server running on port 3000","timestamp":"00:46:35"}
{"level":"info","message":"Node server running on port 3000","timestamp":"00:51:59"}
{"level":"info","message":"Node server running on port 3000","timestamp":"00:52:39"}
{"level":"info","message":"Node server running on port 3000","timestamp":"00:54:35"}
{"level":"info","message":"Node server running on port 3000","timestamp":"00:55:11"}
{"level":"info","message":"Node server running on port 3000","timestamp":"00:56:12"}
{"level":"info","message":"Node server running on port 3000","timestamp":"00:56:46"}
{"level":"info","message":"Node server running on port 3000","timestamp":"01:01:30"}
{"level":"info","message":"Node server running on port 3000","timestamp":"01:01:58"}
{"level":"info","message":"Node server running on port 3000","timestamp":"01:03:49"}
{"level":"info","message":"a acaba de ingresar al sistema.","timestamp":"01:08:17"}
{"level":"info","message":"Node server running on port 3000","timestamp":"01:18:36"}
{"level":"info","message":"Node server running on port 3000","timestamp":"01:19:25"}
{"level":"info","message":"Node server running on port 3000","timestamp":"01:19:41"}
{"level":"info","message":"Node server running on port 3000","timestamp":"01:22:10"}
{"level":"info","message":"a acaba de ingresar al sistema.","timestamp":"01:22:17"}
{"level":"info","message":"undefined ha actualizado al equipo 5930d0571fbfdb126ce26551. Nombre: Perros","timestamp":"01:23:38"}
{"level":"info","message":"undefined ha actualizado al equipo 5930d0571fbfdb126ce26551. Nombre: Perros","timestamp":"01:23:51"}
{"level":"info","message":"undefined ha actualizado al equipo 5930d0571fbfdb126ce26551. Nombre: Perros","timestamp":"01:25:04"}
{"level":"info","message":"undefined ha actualizado al equipo 5930d0571fbfdb126ce26551. Nombre: Perros","timestamp":"01:26:51"}
{"level":"info","message":"Node server running on port 3000","timestamp":"02:00:54"}
{"level":"info","message":"a acaba de ingresar al sistema.","timestamp":"02:01:24"}
{"level":"info","message":"Node server running on port 3000","timestamp":"02:05:37"}
{"level":"info","message":"a acaba de ingresar al sistema.","timestamp":"02:05:48"}
{"level":"info","message":"Node server running on port 3000","timestamp":"02:08:35"}
{"level":"info","message":"a acaba de ingresar al sistema.","timestamp":"02:09:03"}
{"level":"info","message":"undefined ha actualizado al equipo 5930d0571fbfdb126ce26551. Nombre: Perros","timestamp":"02:12:11"}
{"level":"info","message":"undefined ha actualizado al equipo 5930d0571fbfdb126ce26551. Nombre: Perros","timestamp":"02:12:11"}
{"level":"info","message":"Node server running on port 3000","timestamp":"02:12:15"}
{"level":"info","message":"a acaba de ingresar al sistema.","timestamp":"02:12:47"}
{"level":"info","message":"Node server running on port 3000","timestamp":"02:14:15"}
{"level":"info","message":"Node server running on port 3000","timestamp":"02:14:19"}
{"level":"info","message":"a acaba de ingresar al sistema.","timestamp":"02:14:35"}
{"level":"info","message":"Node server running on port 3000","timestamp":"02:16:15"}
{"level":"info","message":"a acaba de ingresar al sistema.","timestamp":"02:16:32"}
{"level":"info","message":"Node server running on port 3000","timestamp":"02:20:42"}
{"level":"info","message":"Node server running on port 3000","timestamp":"02:22:08"}
{"level":"info","message":"a acaba de ingresar al sistema.","timestamp":"02:22:29"}
{"level":"info","message":"Node server running on port 3000","timestamp":"02:28:55"}
{"level":"info","message":"a acaba de ingresar al sistema.","timestamp":"02:29:09"}
{"level":"info","message":"Node server running on port 3000","timestamp":"02:32:00"}
{"level":"info","message":"Node server running on port 3000","timestamp":"02:32:07"}
{"level":"info","message":"a acaba de ingresar al sistema.","timestamp":"02:32:22"}
{"level":"info","message":"undefined ha actualizado al equipo 5930d0571fbfdb126ce26551. Nombre: Perros","timestamp":"02:32:49"}
{"level":"info","message":"Node server running on port 3000","timestamp":"02:33:44"}
{"level":"info","message":"a acaba de ingresar al sistema.","timestamp":"02:34:02"}
{"level":"info","message":"undefined ha actualizado al equipo 5930d0571fbfdb126ce26551. Nombre: Perros","timestamp":"02:34:29"}
{"level":"info","message":"undefined ha actualizado al equipo 5930d0571fbfdb126ce26551. Nombre: Perros","timestamp":"02:36:03"}
{"level":"info","message":"Node server running on port 3000","timestamp":"02:38:20"}
{"level":"info","message":"a acaba de ingresar al sistema.","timestamp":"02:38:30"}
{"level":"info","message":"undefined ha actualizado al equipo 5930d0571fbfdb126ce26551. Nombre: Perros","timestamp":"02:39:25"}
{"level":"info","message":"undefined ha actualizado al equipo 5930d0801fbfdb126ce26552. Nombre: Maderas","timestamp":"02:40:34"}
{"level":"info","message":"Node server running on port 3000","timestamp":"02:51:44"}
{"level":"info","message":"a acaba de ingresar al sistema.","timestamp":"02:51:54"}
{"level":"info","message":"Node server running on port 3000","timestamp":"02:55:10"}
{"level":"info","message":"a acaba de ingresar al sistema.","timestamp":"02:55:39"}
{"level":"info","message":"undefined ha actualizado al equipo 5930d0571fbfdb126ce26551. Nombre: Perros","timestamp":"02:56:06"}
{"level":"info","message":"Node server running on port 3000","timestamp":"02:56:10"}
{"level":"info","message":"a acaba de ingresar al sistema.","timestamp":"02:56:21"}
{"level":"info","message":"Node server running on port 3000","timestamp":"02:58:34"}
{"level":"info","message":"a acaba de ingresar al sistema.","timestamp":"02:58:45"}
{"level":"info","message":"Node server running on port 3000","timestamp":"03:01:16"}
{"level":"info","message":"a acaba de ingresar al sistema.","timestamp":"03:01:32"}
{"level":"info","message":"Node server running on port 3000","timestamp":"03:04:28"}
{"level":"info","message":"a acaba de ingresar al sistema.","timestamp":"03:04:45"}
{"level":"info","message":"undefined ha actualizado al equipo 5930d0571fbfdb126ce26551. Nombre: Perros","timestamp":"03:04:52"}
{"level":"info","message":"Node server running on port 3000","timestamp":"03:11:34"}
{"level":"info","message":"a acaba de ingresar al sistema.","timestamp":"03:11:42"}
{"level":"info","message":"undefined ha actualizado al equipo 5930d0571fbfdb126ce26551. Nombre: Perros","timestamp":"03:11:50"}
{"level":"info","message":"Node server running on port 3000","timestamp":"03:13:04"}
{"level":"info","message":"Node server running on port 3000","timestamp":"03:13:46"}
{"level":"info","message":"Node server running on port 3000","timestamp":"03:14:50"}
{"level":"info","message":"Node server running on port 3000","timestamp":"03:15:21"}
{"level":"info","message":"Node server running on port 3000","timestamp":"03:16:46"}
{"level":"info","message":"Node server running on port 3000","timestamp":"03:18:46"}
{"level":"info","message":"Node server running on port 3000","timestamp":"03:19:02"}
{"level":"info","message":"Node server running on port 3000","timestamp":"03:19:10"}
{"level":"info","message":"Node server running on port 3000","timestamp":"03:19:12"}
{"level":"info","message":"Node server running on port 3000","timestamp":"03:20:36"}
{"level":"info","message":"Node server running on port 3000","timestamp":"03:21:35"}
{"level":"info","message":"Node server running on port 3000","timestamp":"03:23:48"}
{"level":"info","message":"Node server running on port 3000","timestamp":"03:33:23"}
{"level":"info","message":"Node server running on port 3000","timestamp":"03:36:43"}
{"level":"info","message":"Node server running on port 3000","timestamp":"03:44:01"}
{"level":"info","message":"a acaba de ingresar al sistema.","timestamp":"03:44:11"}
{"level":"info","message":"undefined ha actualizado al equipo 5930d0571fbfdb126ce26551. Nombre: Perros","timestamp":"03:44:19"}
{"level":"info","message":"undefined ha actualizado al equipo 5930d0801fbfdb126ce26552. Nombre: Maderas","timestamp":"03:44:54"}
