{"level":"info","message":"Node server running on port 3000","timestamp":"09:57:46"}
{"level":"info","message":"dante@planillero.com acaba de ingresar al sistema.","timestamp":"10:00:06"}
{"level":"info","message":"Node server running on port 3000","timestamp":"10:00:34"}
{"level":"info","message":"dante@planillero.com acaba de ingresar al sistema.","timestamp":"10:00:49"}
{"level":"info","message":"Node server running on port 3000","timestamp":"10:12:16"}
{"level":"info","message":"Node server running on port 3000","timestamp":"10:13:53"}
{"level":"info","message":"Node server running on port 3000","timestamp":"10:14:04"}
{"level":"info","message":"Node server running on port 3000","timestamp":"10:14:16"}
{"level":"info","message":"Node server running on port 3000","timestamp":"10:16:26"}
{"level":"info","message":"Node server running on port 3000","timestamp":"10:17:17"}
{"level":"info","message":"Node server running on port 3000","timestamp":"10:19:44"}
{"level":"info","message":"Node server running on port 3000","timestamp":"10:27:44"}
{"level":"info","message":"dante@planillero.com acaba de ingresar al sistema.","timestamp":"10:28:13"}
{"level":"info","message":"Node server running on port 3000","timestamp":"14:07:34"}
{"level":"info","message":"dante@delegado.com acaba de ingresar al sistema.","timestamp":"14:10:32"}
{"level":"info","message":"Node server running on port 3000","timestamp":"14:17:51"}
{"level":"info","message":"dante@planillero.com acaba de ingresar al sistema.","timestamp":"14:18:04"}
{"level":"info","message":"Node server running on port 3000","timestamp":"14:22:35"}
{"level":"info","message":"dante@planillero.com acaba de ingresar al sistema.","timestamp":"14:22:51"}
{"level":"info","message":"Node server running on port 3000","timestamp":"14:26:37"}
{"level":"info","message":"Node server running on port 3000","timestamp":"14:26:39"}
{"level":"info","message":"dante@planillero.com acaba de ingresar al sistema.","timestamp":"14:26:49"}
{"level":"info","message":"Node server running on port 3000","timestamp":"14:28:20"}
{"level":"info","message":"Node server running on port 3000","timestamp":"14:29:29"}
{"level":"info","message":"dante@planillero.com acaba de ingresar al sistema.","timestamp":"14:29:42"}
{"level":"info","message":"Node server running on port 3000","timestamp":"14:29:57"}
{"level":"info","message":"dante@delegado.com acaba de ingresar al sistema.","timestamp":"14:30:27"}
{"level":"info","message":"Node server running on port 3000","timestamp":"14:30:52"}
{"level":"info","message":"Node server running on port 3000","timestamp":"14:33:42"}
{"level":"info","message":"Node server running on port 3000","timestamp":"14:33:45"}
{"level":"info","message":"dante@planillero.com acaba de ingresar al sistema.","timestamp":"14:33:54"}
{"level":"info","message":"Node server running on port 3000","timestamp":"14:35:34"}
{"level":"info","message":"dante@planillero.com acaba de ingresar al sistema.","timestamp":"14:35:44"}
{"level":"info","message":"dante@admin.com acaba de ingresar al sistema.","timestamp":"14:39:21"}
{"level":"info","message":"Node server running on port 3000","timestamp":"14:41:54"}
{"level":"info","message":"dante@planillero.com acaba de ingresar al sistema.","timestamp":"14:42:07"}
{"level":"info","message":"Node server running on port 3000","timestamp":"14:44:42"}
{"level":"info","message":"dante@planillero.com acaba de ingresar al sistema.","timestamp":"14:44:53"}
{"level":"info","message":"Node server running on port 3000","timestamp":"14:46:00"}
{"level":"info","message":"dante@planillero.com acaba de ingresar al sistema.","timestamp":"14:46:09"}
{"level":"info","message":"Node server running on port 3000","timestamp":"14:49:44"}
{"level":"info","message":"Node server running on port 3000","timestamp":"14:49:46"}
{"level":"info","message":"Node server running on port 3000","timestamp":"14:49:48"}
{"level":"info","message":"dante@planillero.com acaba de ingresar al sistema.","timestamp":"14:49:56"}
{"level":"info","message":"Node server running on port 3000","timestamp":"14:51:20"}
{"level":"info","message":"dante@planillero.com acaba de ingresar al sistema.","timestamp":"14:51:29"}
{"level":"info","message":"Node server running on port 3000","timestamp":"14:52:04"}
{"level":"info","message":"dante@planillero.com acaba de ingresar al sistema.","timestamp":"14:52:26"}
{"level":"info","message":"Node server running on port 3000","timestamp":"14:53:54"}
{"level":"info","message":"dante@planillero.com acaba de ingresar al sistema.","timestamp":"14:54:03"}
{"level":"info","message":"Node server running on port 3000","timestamp":"14:56:02"}
{"level":"info","message":"Node server running on port 3000","timestamp":"14:56:23"}
{"level":"info","message":"Node server running on port 3000","timestamp":"14:56:26"}
{"level":"info","message":"dante@planillero.com acaba de ingresar al sistema.","timestamp":"14:56:37"}
{"level":"info","message":"Node server running on port 3000","timestamp":"14:59:37"}
{"level":"info","message":"Node server running on port 3000","timestamp":"14:59:41"}
{"level":"info","message":"dante@planillero.com acaba de ingresar al sistema.","timestamp":"15:00:35"}
{"level":"info","message":"Node server running on port 3000","timestamp":"15:01:06"}
{"level":"info","message":"dante@planillero.com acaba de ingresar al sistema.","timestamp":"15:04:18"}
{"level":"info","message":"Node server running on port 3000","timestamp":"16:15:34"}
{"level":"info","message":"Node server running on port 3000","timestamp":"16:16:30"}
{"level":"info","message":"Node server running on port 3000","timestamp":"16:16:42"}
{"level":"info","message":"dante@admin.com acaba de ingresar al sistema.","timestamp":"16:17:02"}
{"level":"info","message":"undefined ha agregado al partido 58deab42d64ba312d9a083fd: 58a303e9f4c0640e20bcc81f VS 58a307456cd4e30ee3eecb9b, fecha 6, el Thu Mar 30 2017 21:00:00 GMT-0300 (ART)","timestamp":"16:17:22"}
{"level":"info","message":"El equipo Falcon ha agregado al partido 58deab42d64ba312d9a083fd: 58a303e9f4c0640e20bcc81f VS 58a307456cd4e30ee3eecb9b","timestamp":"16:17:22"}
{"level":"info","message":"El equipo Mundo ha agregado al partido 58deab42d64ba312d9a083fd: 58a303e9f4c0640e20bcc81f VS 58a307456cd4e30ee3eecb9b","timestamp":"16:17:22"}
{"level":"info","message":"La division Zona 2 ha agregado al partido 58deab42d64ba312d9a083fd: 58a303e9f4c0640e20bcc81f VS 58a307456cd4e30ee3eecb9b","timestamp":"16:17:22"}
{"level":"info","message":"undefined ha actualizado al equipo 58deab71d64ba312d9a083fe. Nombre: Donde estes estare","timestamp":"16:18:24"}
{"level":"info","message":"undefined ha actualizado al equipo 58deab79d64ba312d9a083ff. Nombre: Pasion Azulgrana","timestamp":"16:18:29"}
{"level":"info","message":"undefined ha agregado al partido 58deab9ad64ba312d9a08400: 58deab71d64ba312d9a083fe VS 58deab79d64ba312d9a083ff, fecha 6, el Thu Mar 30 2017 21:00:00 GMT-0300 (ART)","timestamp":"16:18:50"}
{"level":"info","message":"El equipo Donde estes estare ha agregado al partido 58deab9ad64ba312d9a08400: 58deab71d64ba312d9a083fe VS 58deab79d64ba312d9a083ff","timestamp":"16:18:50"}
{"level":"info","message":"El equipo Pasion Azulgrana ha agregado al partido 58deab9ad64ba312d9a08400: 58deab71d64ba312d9a083fe VS 58deab79d64ba312d9a083ff","timestamp":"16:18:50"}
{"level":"info","message":"La division Zona 1 ha agregado al partido 58deab9ad64ba312d9a08400: 58deab71d64ba312d9a083fe VS 58deab79d64ba312d9a083ff","timestamp":"16:18:50"}
{"level":"info","message":"dante@superadmin.com acaba de ingresar al sistema.","timestamp":"16:20:48"}
{"level":"info","message":"Nuevo usuario DELEGADO registrado: donde@delegado.com","timestamp":"16:21:17"}
{"level":"info","message":"Nuevo usuario DELEGADO registrado: pasion@delegado.com","timestamp":"16:21:43"}
{"level":"info","message":"El usuario 58deac47d64ba312d9a08402 ha sido actualizado","timestamp":"16:21:53"}
{"level":"info","message":"El usuario 58deac2dd64ba312d9a08401 ha sido actualizado","timestamp":"16:22:02"}
{"level":"info","message":"donde@delegado.com acaba de ingresar al sistema.","timestamp":"16:22:16"}
{"level":"info","message":"undefined ha agregado al jugador 58deacabd64ba312d9a08403 de nombre Sala, Dante, equipo 58deab71d64ba312d9a083fe","timestamp":"16:23:23"}
{"level":"info","message":"El equipo Donde estes estare ha agregado al jugador Sala, Dante","timestamp":"16:23:24"}
{"level":"info","message":"undefined ha agregado al jugador 58deacead64ba312d9a08404 de nombre Fuli, Gabriel, equipo 58deab71d64ba312d9a083fe","timestamp":"16:24:27"}
{"level":"info","message":"El equipo Donde estes estare ha agregado al jugador Fuli, Gabriel","timestamp":"16:24:27"}
{"level":"info","message":"pasion@delegado.com acaba de ingresar al sistema.","timestamp":"16:25:54"}
{"level":"info","message":"Node server running on port 3000","timestamp":"16:28:32"}
{"level":"info","message":"pasion@delegado.com acaba de ingresar al sistema.","timestamp":"16:28:43"}
{"level":"info","message":"undefined ha agregado al jugador 58deae1de4221c13725cbbbf de nombre afea, Mauro, equipo 58deab79d64ba312d9a083ff","timestamp":"16:29:34"}
{"level":"info","message":"El equipo Pasion Azulgrana ha agregado al jugador afea, Mauro","timestamp":"16:29:35"}
{"level":"info","message":"Node server running on port 3000","timestamp":"16:30:38"}
{"level":"info","message":"pasion@delegado.com acaba de ingresar al sistema.","timestamp":"16:31:00"}
{"level":"info","message":"undefined ha borrado al jugador afea, Mauro de id: 58deae1de4221c13725cbbbf","timestamp":"16:31:06"}
{"level":"info","message":"El equipo { _id: 58deab79d64ba312d9a083ff,\n  nombre: 'Pasion Azulgrana',\n  __v: 3,\n  division: 58a3065bf4c0640e20bcc823,\n  delegado: 58deac47d64ba312d9a08402,\n  partidos: [ 58deab9ad64ba312d9a08400 ],\n  jugadores: [] } ha quitado al jugador afea, Mauro","timestamp":"16:31:06"}
{"level":"info","message":"undefined ha agregado al jugador 58deaea2ab15ca13ab4fa022 de nombre Afea, Mauro, equipo 58deab79d64ba312d9a083ff","timestamp":"16:31:46"}
{"level":"info","message":"El equipo Pasion Azulgrana ha agregado al jugador Afea, Mauro","timestamp":"16:31:46"}
{"level":"info","message":"dante@planillero.com acaba de ingresar al sistema.","timestamp":"16:32:03"}
{"level":"info","message":"Node server running on port 3000","timestamp":"17:11:15"}
{"level":"info","message":"Node server running on port 3000","timestamp":"17:12:34"}
{"level":"info","message":"Node server running on port 3000","timestamp":"17:12:41"}
{"level":"info","message":"Node server running on port 3000","timestamp":"17:12:47"}
{"level":"info","message":"dante@planillero.com acaba de ingresar al sistema.","timestamp":"17:13:01"}
{"level":"info","message":"Node server running on port 3000","timestamp":"17:14:37"}
{"level":"info","message":"Node server running on port 3000","timestamp":"17:14:45"}
{"level":"info","message":"dante@planillero.com acaba de ingresar al sistema.","timestamp":"17:14:55"}
{"level":"info","message":"Node server running on port 3000","timestamp":"17:17:18"}
{"level":"info","message":"Node server running on port 3000","timestamp":"17:17:58"}
{"level":"info","message":"Node server running on port 3000","timestamp":"17:18:03"}
{"level":"info","message":"dante@planillero.com acaba de ingresar al sistema.","timestamp":"17:18:11"}
