{"level":"info","message":"Node server running on port 3000","timestamp":"13:12:55"}
{"level":"info","message":"dante@planillero.com acaba de ingresar al sistema.","timestamp":"13:17:17"}
{"level":"info","message":"dante@admin.com acaba de ingresar al sistema.","timestamp":"13:17:42"}
{"level":"info","message":"undefined ha agregado al partido 58ed01bdcbde621274e9c300: 58a1c6a7a075c6395248f5ba VS 58a1c6b1a075c6395248f5bb, fecha 2, el Fri Apr 28 2017 21:00:00 GMT-0300 (ART)","timestamp":"13:18:06"}
{"level":"info","message":"El equipo Falcon ha agregado al partido 58ed01bdcbde621274e9c300: 58a1c6a7a075c6395248f5ba VS 58a1c6b1a075c6395248f5bb","timestamp":"13:18:06"}
{"level":"info","message":"El equipo Mundo ha agregado al partido 58ed01bdcbde621274e9c300: 58a1c6a7a075c6395248f5ba VS 58a1c6b1a075c6395248f5bb","timestamp":"13:18:06"}
{"level":"info","message":"La division Zona 1 ha agregado al partido 58ed01bdcbde621274e9c300: 58a1c6a7a075c6395248f5ba VS 58a1c6b1a075c6395248f5bb","timestamp":"13:18:06"}
{"level":"info","message":"dante@planillero.com acaba de ingresar al sistema.","timestamp":"13:18:59"}
{"level":"info","message":"Node server running on port 3000","timestamp":"13:44:58"}
{"level":"info","message":"Node server running on port 3000","timestamp":"13:45:11"}
{"level":"info","message":"Node server running on port 3000","timestamp":"13:45:39"}
{"level":"info","message":"dante@delegado.com acaba de ingresar al sistema.","timestamp":"13:47:54"}
{"level":"info","message":"dante@admin.com acaba de ingresar al sistema.","timestamp":"13:48:07"}
{"level":"info","message":"Node server running on port 3000","timestamp":"13:49:22"}
{"level":"info","message":"dante@planillero.com acaba de ingresar al sistema.","timestamp":"13:49:40"}
{"level":"info","message":"dante@admin.com acaba de ingresar al sistema.","timestamp":"13:52:15"}
{"level":"info","message":"undefined ha agregado al partido 58ed09d7bc23245f3172d038: 58a1c6b1a075c6395248f5bb VS 58a1c6a7a075c6395248f5ba, fecha 2, el Fri Apr 28 2017 21:00:00 GMT-0300 (ART)","timestamp":"13:52:39"}
{"level":"info","message":"El equipo Mundo ha agregado al partido 58ed09d7bc23245f3172d038: 58a1c6b1a075c6395248f5bb VS 58a1c6a7a075c6395248f5ba","timestamp":"13:52:39"}
{"level":"info","message":"El equipo Falcon ha agregado al partido 58ed09d7bc23245f3172d038: 58a1c6b1a075c6395248f5bb VS 58a1c6a7a075c6395248f5ba","timestamp":"13:52:39"}
{"level":"info","message":"La division Zona 1 ha agregado al partido 58ed09d7bc23245f3172d038: 58a1c6b1a075c6395248f5bb VS 58a1c6a7a075c6395248f5ba","timestamp":"13:52:39"}
{"level":"info","message":"dante@planillero.com acaba de ingresar al sistema.","timestamp":"13:53:00"}
{"level":"info","message":"Node server running on port 3000","timestamp":"13:54:19"}
{"level":"info","message":"Node server running on port 3000","timestamp":"14:07:28"}
{"level":"info","message":"dante@planillero.com acaba de ingresar al sistema.","timestamp":"14:10:54"}
{"level":"info","message":"dante@admin.com acaba de ingresar al sistema.","timestamp":"14:11:10"}
{"level":"info","message":"undefined ha agregado al partido 58ed0e3fa98df56095c540b1: 58a1c6a7a075c6395248f5ba VS 58a1c6b1a075c6395248f5bb, fecha 3, el Fri Apr 28 2017 21:00:00 GMT-0300 (ART)","timestamp":"14:11:27"}
{"level":"info","message":"El equipo Falcon ha agregado al partido 58ed0e3fa98df56095c540b1: 58a1c6a7a075c6395248f5ba VS 58a1c6b1a075c6395248f5bb","timestamp":"14:11:27"}
{"level":"info","message":"El equipo Mundo ha agregado al partido 58ed0e3fa98df56095c540b1: 58a1c6a7a075c6395248f5ba VS 58a1c6b1a075c6395248f5bb","timestamp":"14:11:27"}
{"level":"info","message":"La division Zona 1 ha agregado al partido 58ed0e3fa98df56095c540b1: 58a1c6a7a075c6395248f5ba VS 58a1c6b1a075c6395248f5bb","timestamp":"14:11:27"}
{"level":"info","message":"dante@planillero.com acaba de ingresar al sistema.","timestamp":"14:12:08"}
{"level":"info","message":"Node server running on port 3000","timestamp":"14:14:14"}
{"level":"info","message":"Node server running on port 3000","timestamp":"14:14:33"}
{"level":"info","message":"Node server running on port 3000","timestamp":"14:16:54"}
{"level":"info","message":"Node server running on port 3000","timestamp":"14:17:12"}
{"level":"info","message":"Node server running on port 3000","timestamp":"14:17:24"}
{"level":"info","message":"Node server running on port 3000","timestamp":"14:17:45"}
{"level":"info","message":"Node server running on port 3000","timestamp":"14:17:51"}
{"level":"info","message":"Node server running on port 3000","timestamp":"14:18:05"}
{"level":"info","message":"dante@planillero.com acaba de ingresar al sistema.","timestamp":"14:18:19"}
{"level":"info","message":"dante@admin.com acaba de ingresar al sistema.","timestamp":"14:18:46"}
{"level":"info","message":"undefined ha agregado al partido 58ed100810099961b2698ea8: 58a1c6b1a075c6395248f5bb VS 58a1c6a7a075c6395248f5ba, fecha 2, el Fri Apr 28 2017 21:00:00 GMT-0300 (ART)","timestamp":"14:19:04"}
{"level":"info","message":"El equipo Mundo ha agregado al partido 58ed100810099961b2698ea8: 58a1c6b1a075c6395248f5bb VS 58a1c6a7a075c6395248f5ba","timestamp":"14:19:04"}
{"level":"info","message":"El equipo Falcon ha agregado al partido 58ed100810099961b2698ea8: 58a1c6b1a075c6395248f5bb VS 58a1c6a7a075c6395248f5ba","timestamp":"14:19:04"}
{"level":"info","message":"La division Zona 1 ha agregado al partido 58ed100810099961b2698ea8: 58a1c6b1a075c6395248f5bb VS 58a1c6a7a075c6395248f5ba","timestamp":"14:19:04"}
{"level":"info","message":"Node server running on port 3000","timestamp":"14:20:36"}
{"level":"info","message":"Node server running on port 3000","timestamp":"14:20:47"}
{"level":"info","message":"dante@admin.com acaba de ingresar al sistema.","timestamp":"14:20:59"}
{"level":"info","message":"undefined ha agregado al partido 58ed108a20b660620aa31acb: 58a1c6a7a075c6395248f5ba VS 58a1c6b1a075c6395248f5bb, fecha 2, el Fri Apr 28 2017 21:00:00 GMT-0300 (ART)","timestamp":"14:21:14"}
{"level":"info","message":"El equipo Falcon ha agregado al partido 58ed108a20b660620aa31acb: 58a1c6a7a075c6395248f5ba VS 58a1c6b1a075c6395248f5bb","timestamp":"14:21:14"}
{"level":"info","message":"El equipo Mundo ha agregado al partido 58ed108a20b660620aa31acb: 58a1c6a7a075c6395248f5ba VS 58a1c6b1a075c6395248f5bb","timestamp":"14:21:14"}
{"level":"info","message":"La division Zona 1 ha agregado al partido 58ed108a20b660620aa31acb: 58a1c6a7a075c6395248f5ba VS 58a1c6b1a075c6395248f5bb","timestamp":"14:21:14"}
{"level":"info","message":"Node server running on port 3000","timestamp":"14:23:04"}
{"level":"info","message":"Node server running on port 3000","timestamp":"14:28:59"}
{"level":"info","message":"dante@admin.com acaba de ingresar al sistema.","timestamp":"14:30:24"}
{"level":"info","message":"undefined ha agregado al partido 58ed12c1a503e56261d349dc: 58a1c6a7a075c6395248f5ba VS 58a1c6b1a075c6395248f5bb, fecha 2, el Fri Apr 28 2017 21:00:00 GMT-0300 (ART)","timestamp":"14:30:41"}
{"level":"info","message":"El equipo Falcon ha agregado al partido 58ed12c1a503e56261d349dc: 58a1c6a7a075c6395248f5ba VS 58a1c6b1a075c6395248f5bb","timestamp":"14:30:41"}
{"level":"info","message":"El equipo Mundo ha agregado al partido 58ed12c1a503e56261d349dc: 58a1c6a7a075c6395248f5ba VS 58a1c6b1a075c6395248f5bb","timestamp":"14:30:41"}
{"level":"info","message":"La division Zona 1 ha agregado al partido 58ed12c1a503e56261d349dc: 58a1c6a7a075c6395248f5ba VS 58a1c6b1a075c6395248f5bb","timestamp":"14:30:41"}
{"level":"info","message":"Node server running on port 3000","timestamp":"14:32:54"}
{"level":"info","message":"Node server running on port 3000","timestamp":"14:33:09"}
{"level":"info","message":"dante@admin.com acaba de ingresar al sistema.","timestamp":"14:33:20"}
{"level":"info","message":"undefined ha actualizado al equipo 58a1c6a7a075c6395248f5ba. Nombre: Falcon","timestamp":"14:33:37"}
{"level":"info","message":"Node server running on port 3000","timestamp":"14:34:45"}
{"level":"info","message":"Node server running on port 3000","timestamp":"14:35:09"}
{"level":"info","message":"dante@planillero.com acaba de ingresar al sistema.","timestamp":"14:38:25"}
{"level":"info","message":"dante@admin.com acaba de ingresar al sistema.","timestamp":"14:38:45"}
{"level":"info","message":"undefined ha agregado al partido 58ed14b77daa7162ec0df610: 58a1c6a7a075c6395248f5ba VS 58a1c6b1a075c6395248f5bb, fecha 2, el Fri Apr 28 2017 21:00:00 GMT-0300 (ART)","timestamp":"14:39:03"}
{"level":"info","message":"El equipo Falcon ha agregado al partido 58ed14b77daa7162ec0df610: 58a1c6a7a075c6395248f5ba VS 58a1c6b1a075c6395248f5bb","timestamp":"14:39:03"}
{"level":"info","message":"El equipo Mundo ha agregado al partido 58ed14b77daa7162ec0df610: 58a1c6a7a075c6395248f5ba VS 58a1c6b1a075c6395248f5bb","timestamp":"14:39:03"}
{"level":"info","message":"La division Zona 1 ha agregado al partido 58ed14b77daa7162ec0df610: 58a1c6a7a075c6395248f5ba VS 58a1c6b1a075c6395248f5bb","timestamp":"14:39:03"}
{"level":"info","message":"Node server running on port 3000","timestamp":"14:40:05"}
{"level":"info","message":"Node server running on port 3000","timestamp":"14:40:33"}
{"level":"info","message":"dante@admin.com acaba de ingresar al sistema.","timestamp":"14:40:49"}
{"level":"info","message":"undefined ha agregado al partido 58ed1542309e38639c5143e5: 58a1c6a7a075c6395248f5ba VS 58a1c6b1a075c6395248f5bb, fecha 2, el Fri Apr 28 2017 21:00:00 GMT-0300 (ART)","timestamp":"14:41:22"}
{"level":"info","message":"El equipo Falcon ha agregado al partido 58ed1542309e38639c5143e5: 58a1c6a7a075c6395248f5ba VS 58a1c6b1a075c6395248f5bb","timestamp":"14:41:22"}
{"level":"info","message":"El equipo Mundo ha agregado al partido 58ed1542309e38639c5143e5: 58a1c6a7a075c6395248f5ba VS 58a1c6b1a075c6395248f5bb","timestamp":"14:41:22"}
{"level":"info","message":"La division Zona 1 ha agregado al partido 58ed1542309e38639c5143e5: 58a1c6a7a075c6395248f5ba VS 58a1c6b1a075c6395248f5bb","timestamp":"14:41:22"}
{"level":"info","message":"Node server running on port 3000","timestamp":"14:43:54"}
{"level":"info","message":"Node server running on port 3000","timestamp":"14:44:14"}
{"level":"info","message":"Node server running on port 3000","timestamp":"14:44:50"}
{"level":"info","message":"Node server running on port 3000","timestamp":"14:46:23"}
{"level":"info","message":"dante@admin.com acaba de ingresar al sistema.","timestamp":"14:48:30"}
{"level":"info","message":"undefined ha agregado al partido 58ed17293a0574648ed470cb: 58a1c6b1a075c6395248f5bb VS 58a1c6a7a075c6395248f5ba, fecha 2, el Fri Apr 28 2017 21:00:00 GMT-0300 (ART)","timestamp":"14:49:29"}
{"level":"info","message":"El equipo Mundo ha agregado al partido 58ed17293a0574648ed470cb: 58a1c6b1a075c6395248f5bb VS 58a1c6a7a075c6395248f5ba","timestamp":"14:49:29"}
{"level":"info","message":"El equipo Falcon ha agregado al partido 58ed17293a0574648ed470cb: 58a1c6b1a075c6395248f5bb VS 58a1c6a7a075c6395248f5ba","timestamp":"14:49:29"}
{"level":"info","message":"La division Zona 1 ha agregado al partido 58ed17293a0574648ed470cb: 58a1c6b1a075c6395248f5bb VS 58a1c6a7a075c6395248f5ba","timestamp":"14:49:29"}
{"level":"info","message":"Node server running on port 3000","timestamp":"14:51:35"}
{"level":"info","message":"Node server running on port 3000","timestamp":"14:53:12"}
{"level":"info","message":"Node server running on port 3000","timestamp":"14:53:56"}
{"level":"info","message":"dante@admin.com acaba de ingresar al sistema.","timestamp":"14:54:14"}
{"level":"info","message":"undefined ha agregado al partido 58ed185c9b0ffa651baa5f4b: 58a1c6b1a075c6395248f5bb VS 58a1c6a7a075c6395248f5ba, fecha 2, el Fri Apr 28 2017 21:00:00 GMT-0300 (ART)","timestamp":"14:54:36"}
{"level":"info","message":"El equipo Mundo ha agregado al partido 58ed185c9b0ffa651baa5f4b: 58a1c6b1a075c6395248f5bb VS 58a1c6a7a075c6395248f5ba","timestamp":"14:54:36"}
{"level":"info","message":"El equipo Falcon ha agregado al partido 58ed185c9b0ffa651baa5f4b: 58a1c6b1a075c6395248f5bb VS 58a1c6a7a075c6395248f5ba","timestamp":"14:54:36"}
{"level":"info","message":"La division Zona 1 ha agregado al partido 58ed185c9b0ffa651baa5f4b: 58a1c6b1a075c6395248f5bb VS 58a1c6a7a075c6395248f5ba","timestamp":"14:54:36"}
{"level":"info","message":"Node server running on port 3000","timestamp":"14:56:29"}
